Thu Feb 14 10:32:24 GMT 2019 : Apache Derby Network Server - 10.11.1.2 - (1629631) started and ready to accept connections on port 1527
----------------------------------------------------------------
Thu Feb 14 10:32:24 GMT 2019:
Booting Derby version The Apache Software Foundation - Apache Derby - 10.11.1.2 - (1629631): instance a816c00e-0168-eb90-8675-00001d022b5d 
on database directory H:\Repo\M30CDE\DataBase\OpenSystemsDB with class loader sun.misc.Launcher$AppClassLoader@6f94fa3e 
Loaded from file:/C:/Program%20Files/Java/jdk1.8.0_131/db/lib/derby.jar
java.vendor=Oracle Corporation
java.runtime.version=1.8.0_131-b11
user.dir=C:\Program Files\Java\jdk1.8.0_131\db
os.name=Windows 10
os.arch=amd64
os.version=10.0
derby.system.home=H:\Repo\M30CDE\DataBase
Database Class Loader started - derby.database.classpath=''
----------------------------------------------------------------
Thu Feb 14 10:32:27 GMT 2019:
Shutting down instance a816c00e-0168-eb90-8675-00001d022b5d on database directory H:\Repo\M30CDE\DataBase\OpenSystemsDB with class loader sun.misc.Launcher$AppClassLoader@6f94fa3e 
Thu Feb 14 10:32:28 GMT 2019 Thread[DRDAConnThread_2,5,main] (DATABASE = OpenSystemsDB), (DRDAID = {2}), Database 'OpenSystemsDB' shutdown.
----------------------------------------------------------------
Thu Feb 14 10:33:44 GMT 2019:
Booting Derby version The Apache Software Foundation - Apache Derby - 10.11.1.2 - (1629631): instance a65c80ac-0168-eb90-8675-00001d022b5d 
on database directory H:\Repo\M30CDE\DataBase\OpenSystemsDB with class loader sun.misc.Launcher$AppClassLoader@6f94fa3e 
Loaded from file:/C:/Program%20Files/Java/jdk1.8.0_131/db/lib/derby.jar
java.vendor=Oracle Corporation
java.runtime.version=1.8.0_131-b11
user.dir=C:\Program Files\Java\jdk1.8.0_131\db
os.name=Windows 10
os.arch=amd64
os.version=10.0
derby.system.home=H:\Repo\M30CDE\DataBase
Database Class Loader started - derby.database.classpath=''
----------------------------------------------------------------
Thu Feb 14 11:51:36 GMT 2019: Shutting down Derby engine
