Sun Mar 17 18:17:13 GMT 2019 : Apache Derby Network Server - 10.11.1.2 - (1629631) started and ready to accept connections on port 1527
----------------------------------------------------------------
Sun Mar 17 18:17:13 GMT 2019:
Booting Derby version The Apache Software Foundation - Apache Derby - 10.11.1.2 - (1629631): instance a816c00e-0169-8cdf-2861-ffffa0803ca5 
on database directory E:\Repos\uni_masters\M30CDE\DataBase\new\ElectronicProduct with class loader sun.misc.Launcher$AppClassLoader@6f94fa3e 
Loaded from file:/C:/Program%20Files/Java/jdk1.8.0_131/db/lib/derby.jar
java.vendor=Oracle Corporation
java.runtime.version=1.8.0_131-b11
user.dir=C:\Program Files\Java\jdk1.8.0_131\db
os.name=Windows 10
os.arch=amd64
os.version=10.0
derby.system.home=E:\Repos\uni_masters\M30CDE\DataBase\new
Database Class Loader started - derby.database.classpath=''
----------------------------------------------------------------
Sun Mar 17 18:17:16 GMT 2019:
Shutting down instance a816c00e-0169-8cdf-2861-ffffa0803ca5 on database directory E:\Repos\uni_masters\M30CDE\DataBase\new\ElectronicProduct with class loader sun.misc.Launcher$AppClassLoader@6f94fa3e 
Sun Mar 17 18:17:16 GMT 2019 Thread[DRDAConnThread_2,5,main] (DATABASE = ElectronicProduct), (DRDAID = {2}), Database 'ElectronicProduct' shutdown.
----------------------------------------------------------------
Sun Mar 17 18:18:19 GMT 2019: Shutting down Derby engine
----------------------------------------------------------------
