Mon Mar 12 15:07:58 GMT 2018 : Apache Derby Network Server - 10.11.1.2 - (1629631) started and ready to accept connections on port 1527
----------------------------------------------------------------
Mon Mar 12 15:07:59 GMT 2018:
Booting Derby version The Apache Software Foundation - Apache Derby - 10.11.1.2 - (1629631): instance a816c00e-0162-1ac0-ff48-ffffeb36b55d 
on database directory H:\M18COM_SoftwareDevelopment\Code\DB\LayerdExample with class loader sun.misc.Launcher$AppClassLoader@6f94fa3e 
Loaded from file:/C:/Program%20Files/Java/jdk1.8.0_131/db/lib/derby.jar
java.vendor=Oracle Corporation
java.runtime.version=1.8.0_131-b11
user.dir=C:\Program Files\Java\jdk1.8.0_131\db
os.name=Windows 10
os.arch=amd64
os.version=10.0
derby.system.home=H:\M18COM_SoftwareDevelopment\Code\DB
Database Class Loader started - derby.database.classpath=''
----------------------------------------------------------------
Mon Mar 12 15:08:03 GMT 2018:
Shutting down instance a816c00e-0162-1ac0-ff48-ffffeb36b55d on database directory H:\M18COM_SoftwareDevelopment\Code\DB\LayerdExample with class loader sun.misc.Launcher$AppClassLoader@6f94fa3e 
Mon Mar 12 15:08:03 GMT 2018 Thread[DRDAConnThread_2,5,main] (DATABASE = LayerdExample), (DRDAID = {2}), Database 'LayerdExample' shutdown.
----------------------------------------------------------------
Mon Mar 12 15:14:10 GMT 2018:
Booting Derby version The Apache Software Foundation - Apache Derby - 10.11.1.2 - (1629631): instance a65c80ac-0162-1ac0-ff48-ffffeb36b55d 
on database directory H:\M18COM_SoftwareDevelopment\Code\DB\LayerdExample with class loader sun.misc.Launcher$AppClassLoader@6f94fa3e 
Loaded from file:/C:/Program%20Files/Java/jdk1.8.0_131/db/lib/derby.jar
java.vendor=Oracle Corporation
java.runtime.version=1.8.0_131-b11
user.dir=C:\Program Files\Java\jdk1.8.0_131\db
os.name=Windows 10
os.arch=amd64
os.version=10.0
derby.system.home=H:\M18COM_SoftwareDevelopment\Code\DB
Database Class Loader started - derby.database.classpath=''
----------------------------------------------------------------
Mon Mar 12 15:31:12 GMT 2018: Shutting down Derby engine
